<?xml version="1.0" encoding="UTF-8"?>
<testsuite name="br.com.dio.desafioreactor.Question1Test" tests="1" skipped="0" failures="0" errors="0" timestamp="2022-10-19T13:41:48" hostname="ADRIANO-OMEN" time="0.119">
  <properties/>
  <testcase name="incTest()" classname="br.com.dio.desafioreactor.Question1Test" time="0.119"/>
  <system-out><![CDATA[]]></system-out>
  <system-err><![CDATA[]]></system-err>
</testsuite>
